Started GET "/" for ::1 at 2022-07-10 23:41:10 +0900
  [1m[35m (5.2ms)[0m  [1m[34mSELECT sqlite_version(*)[0m
  [1m[35m (8.3ms)[0m  [1m[35mCREATE TABLE "schema_migrations" ("version" varchar NOT NULL PRIMARY KEY)[0m
  [1m[35m (8.6ms)[0m  [1m[35mCREATE TABLE "ar_internal_metadata" ("key" varchar NOT NULL PRIMARY KEY, "value" varchar, "created_at" datetime(6) NOT NULL, "updated_at" datetime(6) NOT NULL)[0m
  [1m[35m (0.3ms)[0m  [1m[34mSELECT "schema_migrations"."version" FROM "schema_migrations" ORDER BY "schema_migrations"."version" ASC[0m
  
ActiveRecord::PendingMigrationError (

Migrations are pending. To resolve this issue, run:

        bin/rails db:migrate RAILS_ENV=development

You have 6 pending migrations:

20210918183827_devise_create_users.rb
20210918195101_create_books.rb
20210920003341_add_profile_image_id_to_users.rb
20210920011432_add_introduction_to_users.rb
20210921122357_create_book_comments.rb
20210921140832_create_favorites.rb


):
  
activerecord (6.1.6) lib/active_record/migration.rb:625:in `check_pending!'
activerecord (6.1.6) lib/active_record/migration.rb:590:in `block (2 levels) in call'
activesupport (6.1.6) lib/active_support/evented_file_update_checker.rb:59:in `execute'
activerecord (6.1.6) lib/active_record/migration.rb:595:in `block in call'
activerecord (6.1.6) lib/active_record/migration.rb:587:in `synchronize'
activerecord (6.1.6) lib/active_record/migration.rb:587:in `call'
actionpack (6.1.6) lib/action_dispatch/middleware/callbacks.rb:27:in `block in call'
activesupport (6.1.6) lib/active_support/callbacks.rb:98:in `run_callbacks'
actionpack (6.1.6) lib/action_dispatch/middleware/callbacks.rb:26:in `call'
actionpack (6.1.6) lib/action_dispatch/middleware/executor.rb:14:in `call'
actionpack (6.1.6) lib/action_dispatch/middleware/actionable_exceptions.rb:18:in `call'
actionpack (6.1.6) lib/action_dispatch/middleware/debug_exceptions.rb:29:in `call'
web-console (4.2.0) lib/web_console/middleware.rb:132:in `call_app'
web-console (4.2.0) lib/web_console/middleware.rb:28:in `block in call'
web-console (4.2.0) lib/web_console/middleware.rb:17:in `catch'
web-console (4.2.0) lib/web_console/middleware.rb:17:in `call'
actionpack (6.1.6) lib/action_dispatch/middleware/show_exceptions.rb:33:in `call'
railties (6.1.6) lib/rails/rack/logger.rb:37:in `call_app'
railties (6.1.6) lib/rails/rack/logger.rb:26:in `block in call'
activesupport (6.1.6) lib/active_support/tagged_logging.rb:99:in `block in tagged'
activesupport (6.1.6) lib/active_support/tagged_logging.rb:37:in `tagged'
activesupport (6.1.6) lib/active_support/tagged_logging.rb:99:in `tagged'
railties (6.1.6) lib/rails/rack/logger.rb:26:in `call'
sprockets-rails (3.4.2) lib/sprockets/rails/quiet_assets.rb:13:in `call'
actionpack (6.1.6) lib/action_dispatch/middleware/remote_ip.rb:81:in `call'
actionpack (6.1.6) lib/action_dispatch/middleware/request_id.rb:26:in `call'
rack (2.2.4) lib/rack/method_override.rb:24:in `call'
rack (2.2.4) lib/rack/runtime.rb:22:in `call'
activesupport (6.1.6) lib/active_support/cache/strategy/local_cache_middleware.rb:29:in `call'
actionpack (6.1.6) lib/action_dispatch/middleware/executor.rb:14:in `call'
actionpack (6.1.6) lib/action_dispatch/middleware/static.rb:24:in `call'
rack (2.2.4) lib/rack/sendfile.rb:110:in `call'
actionpack (6.1.6) lib/action_dispatch/middleware/host_authorization.rb:148:in `call'
railties (6.1.6) lib/rails/engine.rb:539:in `call'
puma (3.12.6) lib/puma/configuration.rb:227:in `call'
puma (3.12.6) lib/puma/server.rb:706:in `handle_request'
puma (3.12.6) lib/puma/server.rb:476:in `process_client'
puma (3.12.6) lib/puma/server.rb:334:in `block in run'
puma (3.12.6) lib/puma/thread_pool.rb:135:in `block in spawn_thread'
  [1m[35m (4.1ms)[0m  [1m[34mSELECT sqlite_version(*)[0m
  [1m[35m (0.2ms)[0m  [1m[34mSELECT "schema_migrations"."version" FROM "schema_migrations" ORDER BY "schema_migrations"."version" ASC[0m
Migrating to DeviseCreateUsers (20210918183827)
  [1m[36mTRANSACTION (0.1ms)[0m  [1m[36mbegin transaction[0m
  [1m[35m (1.3ms)[0m  [1m[35mCREATE TABLE "users" ("id" integer PRIMARY KEY AUTOINCREMENT NOT NULL, "email" varchar DEFAULT '' NOT NULL, "encrypted_password" varchar DEFAULT '' NOT NULL, "reset_password_token" varchar, "reset_password_sent_at" datetime, "remember_created_at" datetime, "name" varchar, "created_at" datetime NOT NULL, "updated_at" datetime NOT NULL)[0m
  [1m[35m (0.5ms)[0m  [1m[35mCREATE UNIQUE INDEX "index_users_on_email" ON "users" ("email")[0m
  [1m[35m (0.2ms)[0m  [1m[35mCREATE UNIQUE INDEX "index_users_on_reset_password_token" ON "users" ("reset_password_token")[0m
  [1m[36mActiveRecord::SchemaMigration Create (0.3ms)[0m  [1m[32mINSERT INTO "schema_migrations" ("version") VALUES (?)[0m  [["version", "20210918183827"]]
  [1m[36mTRANSACTION (4.2ms)[0m  [1m[36mcommit transaction[0m
Migrating to CreateBooks (20210918195101)
  [1m[36mTRANSACTION (0.0ms)[0m  [1m[36mbegin transaction[0m
  [1m[35m (0.9ms)[0m  [1m[35mCREATE TABLE "books" ("id" integer PRIMARY KEY AUTOINCREMENT NOT NULL, "title" varchar, "body" text, "user_id" integer, "created_at" datetime NOT NULL, "updated_at" datetime NOT NULL)[0m
  [1m[36mActiveRecord::SchemaMigration Create (0.1ms)[0m  [1m[32mINSERT INTO "schema_migrations" ("version") VALUES (?)[0m  [["version", "20210918195101"]]
  [1m[36mTRANSACTION (4.2ms)[0m  [1m[36mcommit transaction[0m
Migrating to AddProfileImageIdToUsers (20210920003341)
  [1m[36mTRANSACTION (0.1ms)[0m  [1m[36mbegin transaction[0m
  [1m[35m (1.5ms)[0m  [1m[35mALTER TABLE "users" ADD "profile_image_id" varchar[0m
  [1m[36mActiveRecord::SchemaMigration Create (0.1ms)[0m  [1m[32mINSERT INTO "schema_migrations" ("version") VALUES (?)[0m  [["version", "20210920003341"]]
  [1m[36mTRANSACTION (3.9ms)[0m  [1m[36mcommit transaction[0m
Migrating to AddIntroductionToUsers (20210920011432)
  [1m[36mTRANSACTION (0.0ms)[0m  [1m[36mbegin transaction[0m
  [1m[35m (1.1ms)[0m  [1m[35mALTER TABLE "users" ADD "introduction" text[0m
  [1m[36mActiveRecord::SchemaMigration Create (0.1ms)[0m  [1m[32mINSERT INTO "schema_migrations" ("version") VALUES (?)[0m  [["version", "20210920011432"]]
  [1m[36mTRANSACTION (4.0ms)[0m  [1m[36mcommit transaction[0m
Migrating to CreateBookComments (20210921122357)
  [1m[36mTRANSACTION (0.0ms)[0m  [1m[36mbegin transaction[0m
  [1m[35m (0.8ms)[0m  [1m[35mCREATE TABLE "book_comments" ("id" integer PRIMARY KEY AUTOINCREMENT NOT NULL, "comment" text, "user_id" integer, "book_id" integer, "created_at" datetime NOT NULL, "updated_at" datetime NOT NULL)[0m
  [1m[36mActiveRecord::SchemaMigration Create (0.2ms)[0m  [1m[32mINSERT INTO "schema_migrations" ("version") VALUES (?)[0m  [["version", "20210921122357"]]
  [1m[36mTRANSACTION (3.6ms)[0m  [1m[36mcommit transaction[0m
Migrating to CreateFavorites (20210921140832)
  [1m[36mTRANSACTION (0.0ms)[0m  [1m[36mbegin transaction[0m
  [1m[35m (0.9ms)[0m  [1m[35mCREATE TABLE "favorites" ("id" integer PRIMARY KEY AUTOINCREMENT NOT NULL, "user_id" integer, "book_id" integer, "created_at" datetime NOT NULL, "updated_at" datetime NOT NULL)[0m
  [1m[36mActiveRecord::SchemaMigration Create (0.1ms)[0m  [1m[32mINSERT INTO "schema_migrations" ("version") VALUES (?)[0m  [["version", "20210921140832"]]
  [1m[36mTRANSACTION (3.7ms)[0m  [1m[36mcommit transaction[0m
  [1m[36mActiveRecord::InternalMetadata Load (0.2ms)[0m  [1m[34mSELECT "ar_internal_metadata".* FROM "ar_internal_metadata" WHERE "ar_internal_metadata"."key" = ? LIMIT ?[0m  [["key", "environment"], ["LIMIT", 1]]
  [1m[36mTRANSACTION (0.0ms)[0m  [1m[36mbegin transaction[0m
  [1m[36mActiveRecord::InternalMetadata Create (0.9ms)[0m  [1m[32mINSERT INTO "ar_internal_metadata" ("key", "value", "created_at", "updated_at") VALUES (?, ?, ?, ?)[0m  [["key", "environment"], ["value", "development"], ["created_at", "2022-07-10 14:48:14.565167"], ["updated_at", "2022-07-10 14:48:14.565167"]]
  [1m[36mTRANSACTION (3.7ms)[0m  [1m[36mcommit transaction[0m
  [1m[35m (0.1ms)[0m  [1m[34mSELECT sqlite_version(*)[0m
  [1m[35m (0.1ms)[0m  [1m[34mSELECT "schema_migrations"."version" FROM "schema_migrations" ORDER BY "schema_migrations"."version" ASC[0m
Started GET "/" for ::1 at 2022-07-11 00:01:51 +0900
  [1m[35m (4.7ms)[0m  [1m[34mSELECT sqlite_version(*)[0m
  [1m[35m (0.2ms)[0m  [1m[34mSELECT "schema_migrations"."version" FROM "schema_migrations" ORDER BY "schema_migrations"."version" ASC[0m
Processing by HomesController#top as HTML
  Rendering layout layouts/application.html.erb
  Rendering homes/top.html.erb within layouts/application
  Rendered homes/top.html.erb within layouts/application (Duration: 3.7ms | Allocations: 353)
  Rendered layout layouts/application.html.erb (Duration: 7963.4ms | Allocations: 873817)
Completed 200 OK in 8015ms (Views: 7980.4ms | ActiveRecord: 0.0ms | Allocations: 883567)


Started GET "/users/sign_up" for ::1 at 2022-07-11 00:02:09 +0900
Processing by Devise::RegistrationsController#new as HTML
  Rendering layout layouts/application.html.erb
  Rendering devise/registrations/new.html.erb within layouts/application
  Rendered devise/shared/_error_messages.html.erb (Duration: 1.8ms | Allocations: 200)
  Rendered devise/shared/_links.html.erb (Duration: 7.9ms | Allocations: 1055)
  Rendered devise/registrations/new.html.erb within layouts/application (Duration: 59.4ms | Allocations: 8507)
  Rendered layout layouts/application.html.erb (Duration: 211.2ms | Allocations: 108242)
Completed 200 OK in 239ms (Views: 225.4ms | ActiveRecord: 1.1ms | Allocations: 116180)


Started GET "/users/sign_up" for ::1 at 2022-07-11 11:55:41 +0900
  [1m[35m (13.4ms)[0m  [1m[34mSELECT sqlite_version(*)[0m
  [1m[35m (0.6ms)[0m  [1m[34mSELECT "schema_migrations"."version" FROM "schema_migrations" ORDER BY "schema_migrations"."version" ASC[0m
Processing by Devise::RegistrationsController#new as HTML
  Rendering layout layouts/application.html.erb
  Rendering devise/registrations/new.html.erb within layouts/application
  Rendered devise/shared/_error_messages.html.erb (Duration: 2.4ms | Allocations: 205)
  Rendered devise/shared/_links.html.erb (Duration: 13.6ms | Allocations: 980)
  Rendered devise/registrations/new.html.erb within layouts/application (Duration: 127.9ms | Allocations: 8812)
Started GET "/users/sign_up" for ::1 at 2022-07-11 11:55:42 +0900
Processing by Devise::RegistrationsController#new as HTML
  Rendering layout layouts/application.html.erb
  Rendering devise/registrations/new.html.erb within layouts/application
  Rendered devise/shared/_error_messages.html.erb (Duration: 0.1ms | Allocations: 10)
  Rendered devise/shared/_links.html.erb (Duration: 0.3ms | Allocations: 87)
  Rendered devise/registrations/new.html.erb within layouts/application (Duration: 8.8ms | Allocations: 1994)
  Rendered layout layouts/application.html.erb (Duration: 1862.4ms | Allocations: 372627)
  Rendered layout layouts/application.html.erb (Duration: 2366.2ms | Allocations: 660755)
Completed 200 OK in 1868ms (Views: 1866.4ms | ActiveRecord: 0.0ms | Allocations: 374957)


Completed 200 OK in 2492ms (Views: 2434.5ms | ActiveRecord: 1.4ms | Allocations: 671474)


Started GET "/" for ::1 at 2022-07-11 11:56:16 +0900
Processing by HomesController#top as HTML
  Rendering layout layouts/application.html.erb
  Rendering homes/top.html.erb within layouts/application
  Rendered homes/top.html.erb within layouts/application (Duration: 1.8ms | Allocations: 118)
  Rendered layout layouts/application.html.erb (Duration: 298.0ms | Allocations: 86613)
Completed 200 OK in 312ms (Views: 308.9ms | ActiveRecord: 0.0ms | Allocations: 87973)


Started GET "/home/about" for ::1 at 2022-07-11 11:57:09 +0900
Processing by HomesController#about as HTML
  Rendering layout layouts/application.html.erb
  Rendering homes/about.html.erb within layouts/application
  Rendered homes/about.html.erb within layouts/application (Duration: 2.8ms | Allocations: 76)
  Rendered layout layouts/application.html.erb (Duration: 378.8ms | Allocations: 89975)
Completed 200 OK in 389ms (Views: 381.1ms | ActiveRecord: 0.0ms | Allocations: 90794)


Started GET "/" for ::1 at 2022-07-11 11:57:12 +0900
Processing by HomesController#top as HTML
  Rendering layout layouts/application.html.erb
  Rendering homes/top.html.erb within layouts/application
  Rendered homes/top.html.erb within layouts/application (Duration: 0.1ms | Allocations: 4)
  Rendered layout layouts/application.html.erb (Duration: 684.9ms | Allocations: 119044)
Completed 200 OK in 689ms (Views: 687.2ms | ActiveRecord: 0.0ms | Allocations: 119593)


Started GET "/" for ::1 at 2022-07-11 11:57:14 +0900
Processing by HomesController#top as HTML
  Rendering layout layouts/application.html.erb
  Rendering homes/top.html.erb within layouts/application
  Rendered homes/top.html.erb within layouts/application (Duration: 0.1ms | Allocations: 4)
  Rendered layout layouts/application.html.erb (Duration: 249.6ms | Allocations: 86234)
Completed 200 OK in 252ms (Views: 250.5ms | ActiveRecord: 0.0ms | Allocations: 86789)


Started GET "/" for ::1 at 2022-07-11 11:57:15 +0900
Processing by HomesController#top as HTML
  Rendering layout layouts/application.html.erb
  Rendering homes/top.html.erb within layouts/application
  Rendered homes/top.html.erb within layouts/application (Duration: 0.0ms | Allocations: 4)
  Rendered layout layouts/application.html.erb (Duration: 267.8ms | Allocations: 86217)
Completed 200 OK in 270ms (Views: 268.7ms | ActiveRecord: 0.0ms | Allocations: 86770)


Started GET "/users/sign_up" for ::1 at 2022-07-11 11:58:07 +0900
Processing by Devise::RegistrationsController#new as HTML
  Rendering layout layouts/application.html.erb
  Rendering devise/registrations/new.html.erb within layouts/application
  Rendered devise/shared/_error_messages.html.erb (Duration: 0.1ms | Allocations: 10)
  Rendered devise/shared/_links.html.erb (Duration: 0.6ms | Allocations: 92)
  Rendered devise/registrations/new.html.erb within layouts/application (Duration: 8.8ms | Allocations: 1444)
  Rendered layout layouts/application.html.erb (Duration: 447.5ms | Allocations: 110057)
Completed 200 OK in 454ms (Views: 450.2ms | ActiveRecord: 0.0ms | Allocations: 110847)


Started POST "/users" for ::1 at 2022-07-11 11:58:35 +0900
Processing by Devise::RegistrationsController#create as HTML
  Parameters: {"utf8"=>"âœ“", "authenticity_token"=>"gMtS5E5Fj7wvjtY3JdVkdHDa+l77iDAHerSPnSd77wRDtk+mJ1welYpeZuf1ZC8+cG1kCYdr5IjBsspgFjGFKw==", "user"=>{"name"=>"carbon", "email"=>"carbon@gmail.com", "password"=>"[FILTERED]", "password_confirmation"=>"[FILTERED]"}, "commit"=>"Sign up"}
  [1m[36mTRANSACTION (0.1ms)[0m  [1m[36mbegin transaction[0m
  [1m[36mUser Exists? (0.4ms)[0m  [1m[34mSELECT 1 AS one FROM "users" WHERE "users"."email" = ? LIMIT ?[0m  [["email", "carbon@gmail.com"], ["LIMIT", 1]]
  [1m[36mUser Exists? (0.2ms)[0m  [1m[34mSELECT 1 AS one FROM "users" WHERE "users"."name" = ? LIMIT ?[0m  [["name", "carbon"], ["LIMIT", 1]]
  [1m[36mUser Create (2.9ms)[0m  [1m[32mINSERT INTO "users" ("email", "encrypted_password", "name", "created_at", "updated_at") VALUES (?, ?, ?, ?, ?)[0m  [["email", "carbon@gmail.com"], ["encrypted_password", "$2a$12$87AsbsacJUBr2YqQMmJxd.rwMJz9Y2vx7DSc/8yrYTo6M5X/6d4A2"], ["name", "carbon"], ["created_at", "2022-07-11 02:58:36.062789"], ["updated_at", "2022-07-11 02:58:36.062789"]]
  [1m[36mTRANSACTION (5.2ms)[0m  [1m[36mcommit transaction[0m
Redirected to http://localhost:3000/users/1
Completed 302 Found in 899ms (ActiveRecord: 8.9ms | Allocations: 43761)


Started GET "/users/1" for ::1 at 2022-07-11 11:58:36 +0900
Processing by UsersController#show as HTML
  Parameters: {"id"=>"1"}
  [1m[36mUser Load (1.3ms)[0m  [1m[34mSELECT "users".* FROM "users" WHERE "users"."id" = ? ORDER BY "users"."id" ASC LIMIT ?[0m  [["id", 1], ["LIMIT", 1]]
  [1m[36mUser Load (1.0ms)[0m  [1m[34mSELECT "users".* FROM "users" WHERE "users"."id" = ? LIMIT ?[0m  [["id", 1], ["LIMIT", 1]]
  â†³ app/controllers/users_controller.rb:18:in `show'
  Rendering layout layouts/application.html.erb
  Rendering users/show.html.erb within layouts/application
  Rendered books/_list.html.erb (Duration: 31.6ms | Allocations: 3488)
  [1m[36mBook Load (1.0ms)[0m  [1m[34mSELECT "books".* FROM "books" WHERE "books"."user_id" = ?[0m  [["user_id", 1]]
  â†³ app/views/users/show.html.erb:17
  Rendered users/show.html.erb within layouts/application (Duration: 86.3ms | Allocations: 6626)
  Rendered layout layouts/application.html.erb (Duration: 478.3ms | Allocations: 105718)
Completed 200 OK in 772ms (Views: 502.7ms | ActiveRecord: 9.8ms | Allocations: 140385)


Started POST "/books" for ::1 at 2022-07-11 12:00:07 +0900
Processing by BooksController#create as HTML
  Parameters: {"utf8"=>"âœ“", "authenticity_token"=>"1i11wDPt8/7dD0QmQN7WR1bezLiVqU4Srjq3Yfd3kDT4AJq4D7XawKfewa7DKA1ik5A4Gryj6e0M5OZ88PrP3w==", "book"=>{"title"=>"carbon", "body"=>"carbon"}, "commit"=>"Create Book"}
  [1m[36mUser Load (0.6ms)[0m  [1m[34mSELECT "users".* FROM "users" WHERE "users"."id" = ? ORDER BY "users"."id" ASC LIMIT ?[0m  [["id", 1], ["LIMIT", 1]]
  [1m[36mTRANSACTION (0.2ms)[0m  [1m[36mbegin transaction[0m
  â†³ app/controllers/books_controller.rb:20:in `create'
  [1m[36mUser Load (0.4ms)[0m  [1m[34mSELECT "users".* FROM "users" WHERE "users"."id" = ? LIMIT ?[0m  [["id", 1], ["LIMIT", 1]]
  â†³ app/controllers/books_controller.rb:20:in `create'
  [1m[36mBook Create (2.6ms)[0m  [1m[32mINSERT INTO "books" ("title", "body", "user_id", "created_at", "updated_at") VALUES (?, ?, ?, ?, ?)[0m  [["title", "carbon"], ["body", "carbon"], ["user_id", 1], ["created_at", "2022-07-11 03:00:07.298330"], ["updated_at", "2022-07-11 03:00:07.298330"]]
  â†³ app/controllers/books_controller.rb:20:in `create'
  [1m[36mTRANSACTION (6.1ms)[0m  [1m[36mcommit transaction[0m
  â†³ app/controllers/books_controller.rb:20:in `create'
Redirected to http://localhost:3000/books/1
Completed 302 Found in 66ms (ActiveRecord: 9.8ms | Allocations: 6801)


Started GET "/books/1" for ::1 at 2022-07-11 12:00:07 +0900
Processing by BooksController#show as HTML
  Parameters: {"id"=>"1"}
  [1m[36mUser Load (0.7ms)[0m  [1m[34mSELECT "users".* FROM "users" WHERE "users"."id" = ? ORDER BY "users"."id" ASC LIMIT ?[0m  [["id", 1], ["LIMIT", 1]]
  [1m[36mBook Load (0.5ms)[0m  [1m[34mSELECT "books".* FROM "books" WHERE "books"."id" = ? LIMIT ?[0m  [["id", 1], ["LIMIT", 1]]
  â†³ app/controllers/books_controller.rb:33:in `show'
  [1m[36mUser Load (0.2ms)[0m  [1m[34mSELECT "users".* FROM "users" WHERE "users"."id" = ? LIMIT ?[0m  [["id", 1], ["LIMIT", 1]]
  â†³ app/controllers/books_controller.rb:34:in `show'
  Rendering layout layouts/application.html.erb
  Rendering books/show.html.erb within layouts/application
  Rendered books/_list.html.erb (Duration: 6.8ms | Allocations: 1742)
  [1m[36mCACHE User Load (0.0ms)[0m  [1m[34mSELECT "users".* FROM "users" WHERE "users"."id" = ? LIMIT ?[0m  [["id", 1], ["LIMIT", 1]]
  â†³ app/views/books/show.html.erb:12
  [1m[36mFavorite Exists? (0.6ms)[0m  [1m[34mSELECT 1 AS one FROM "favorites" WHERE "favorites"."book_id" = ? AND "favorites"."user_id" = ? LIMIT ?[0m  [["book_id", 1], ["user_id", 1], ["LIMIT", 1]]
  â†³ app/models/book.rb:8:in `favorited_by?'
  [1m[35m (0.4ms)[0m  [1m[34mSELECT COUNT(*) FROM "favorites" WHERE "favorites"."book_id" = ?[0m  [["book_id", 1]]
  â†³ app/views/books/show.html.erb:36
  [1m[35m (0.4ms)[0m  [1m[34mSELECT COUNT(*) FROM "book_comments" WHERE "book_comments"."book_id" = ?[0m  [["book_id", 1]]
  â†³ app/views/books/show.html.erb:42
  [1m[36mBookComment Load (0.7ms)[0m  [1m[34mSELECT "book_comments".* FROM "book_comments" WHERE "book_comments"."book_id" = ?[0m  [["book_id", 1]]
  â†³ app/views/books/show.html.erb:50
  Rendered books/show.html.erb within layouts/application (Duration: 51.2ms | Allocations: 11011)
  Rendered layout layouts/application.html.erb (Duration: 385.5ms | Allocations: 109694)
Completed 200 OK in 408ms (Views: 393.3ms | ActiveRecord: 4.6ms | Allocations: 113284)


Started POST "/books/1/favorites" for ::1 at 2022-07-11 12:00:11 +0900
Processing by FavoritesController#create as HTML
  Parameters: {"authenticity_token"=>"Fjj8y/QRUNLRNDjqyjnLkPmpbW3vVDM8ECVju6NywEI4FROzyEl57KvlvWJJzxC1POeZz8ZelMOy+zKmpP+fqQ==", "book_id"=>"1"}
  [1m[36mUser Load (0.6ms)[0m  [1m[34mSELECT "users".* FROM "users" WHERE "users"."id" = ? ORDER BY "users"."id" ASC LIMIT ?[0m  [["id", 1], ["LIMIT", 1]]
  [1m[36mBook Load (0.5ms)[0m  [1m[34mSELECT "books".* FROM "books" WHERE "books"."id" = ? LIMIT ?[0m  [["id", 1], ["LIMIT", 1]]
  â†³ app/controllers/favorites_controller.rb:4:in `create'
  [1m[36mTRANSACTION (0.2ms)[0m  [1m[36mbegin transaction[0m
  â†³ app/controllers/favorites_controller.rb:6:in `create'
  [1m[36mBook Load (0.6ms)[0m  [1m[34mSELECT "books".* FROM "books" WHERE "books"."id" = ? LIMIT ?[0m  [["id", 1], ["LIMIT", 1]]
  â†³ app/controllers/favorites_controller.rb:6:in `create'
  [1m[36mFavorite Exists? (0.3ms)[0m  [1m[34mSELECT 1 AS one FROM "favorites" WHERE "favorites"."book_id" = ? AND "favorites"."user_id" = ? LIMIT ?[0m  [["book_id", 1], ["user_id", 1], ["LIMIT", 1]]
  â†³ app/controllers/favorites_controller.rb:6:in `create'
  [1m[36mFavorite Create (3.8ms)[0m  [1m[32mINSERT INTO "favorites" ("user_id", "book_id", "created_at", "updated_at") VALUES (?, ?, ?, ?)[0m  [["user_id", 1], ["book_id", 1], ["created_at", "2022-07-11 03:00:11.870866"], ["updated_at", "2022-07-11 03:00:11.870866"]]
  â†³ app/controllers/favorites_controller.rb:6:in `create'
  [1m[36mTRANSACTION (6.3ms)[0m  [1m[36mcommit transaction[0m
  â†³ app/controllers/favorites_controller.rb:6:in `create'
Redirected to http://localhost:3000/books/1
Completed 302 Found in 75ms (ActiveRecord: 13.6ms | Allocations: 10658)


Started GET "/books/1" for ::1 at 2022-07-11 12:00:11 +0900
Processing by BooksController#show as HTML
  Parameters: {"id"=>"1"}
  [1m[36mUser Load (0.4ms)[0m  [1m[34mSELECT "users".* FROM "users" WHERE "users"."id" = ? ORDER BY "users"."id" ASC LIMIT ?[0m  [["id", 1], ["LIMIT", 1]]
  [1m[36mBook Load (0.5ms)[0m  [1m[34mSELECT "books".* FROM "books" WHERE "books"."id" = ? LIMIT ?[0m  [["id", 1], ["LIMIT", 1]]
  â†³ app/controllers/books_controller.rb:33:in `show'
  [1m[36mUser Load (0.4ms)[0m  [1m[34mSELECT "users".* FROM "users" WHERE "users"."id" = ? LIMIT ?[0m  [["id", 1], ["LIMIT", 1]]
  â†³ app/controllers/books_controller.rb:34:in `show'
  Rendering layout layouts/application.html.erb
  Rendering books/show.html.erb within layouts/application
  Rendered books/_list.html.erb (Duration: 12.3ms | Allocations: 3823)
  [1m[36mCACHE User Load (0.0ms)[0m  [1m[34mSELECT "users".* FROM "users" WHERE "users"."id" = ? LIMIT ?[0m  [["id", 1], ["LIMIT", 1]]
  â†³ app/views/books/show.html.erb:12
  [1m[36mFavorite Exists? (0.6ms)[0m  [1m[34mSELECT 1 AS one FROM "favorites" WHERE "favorites"."book_id" = ? AND "favorites"."user_id" = ? LIMIT ?[0m  [["book_id", 1], ["user_id", 1], ["LIMIT", 1]]
  â†³ app/models/book.rb:8:in `favorited_by?'
  [1m[35m (0.5ms)[0m  [1m[34mSELECT COUNT(*) FROM "favorites" WHERE "favorites"."book_id" = ?[0m  [["book_id", 1]]
  â†³ app/views/books/show.html.erb:26
  [1m[35m (0.4ms)[0m  [1m[34mSELECT COUNT(*) FROM "book_comments" WHERE "book_comments"."book_id" = ?[0m  [["book_id", 1]]
  â†³ app/views/books/show.html.erb:42
  [1m[36mBookComment Load (0.3ms)[0m  [1m[34mSELECT "book_comments".* FROM "book_comments" WHERE "book_comments"."book_id" = ?[0m  [["book_id", 1]]
  â†³ app/views/books/show.html.erb:50
  Rendered books/show.html.erb within layouts/application (Duration: 32.9ms | Allocations: 9819)
  Rendered layout layouts/application.html.erb (Duration: 403.6ms | Allocations: 106146)
Completed 200 OK in 419ms (Views: 403.6ms | ActiveRecord: 3.1ms | Allocations: 109675)


Started DELETE "/books/1/favorites" for ::1 at 2022-07-11 12:00:14 +0900
Processing by FavoritesController#destroy as HTML
  Parameters: {"authenticity_token"=>"NUVO2xoEFijXCF+tlpXsQ+f/l8X12k166Y2IVp0geTkbaKGjJlw/Fq3Z2iUVYzdmIrFjZ9zQ6oVLU9lLmq0m0g==", "book_id"=>"1"}
  [1m[36mUser Load (0.3ms)[0m  [1m[34mSELECT "users".* FROM "users" WHERE "users"."id" = ? ORDER BY "users"."id" ASC LIMIT ?[0m  [["id", 1], ["LIMIT", 1]]
  [1m[36mBook Load (0.3ms)[0m  [1m[34mSELECT "books".* FROM "books" WHERE "books"."id" = ? LIMIT ?[0m  [["id", 1], ["LIMIT", 1]]
  â†³ app/controllers/favorites_controller.rb:11:in `destroy'
  [1m[36mFavorite Load (0.4ms)[0m  [1m[34mSELECT "favorites".* FROM "favorites" WHERE "favorites"."user_id" = ? AND "favorites"."book_id" = ? LIMIT ?[0m  [["user_id", 1], ["book_id", 1], ["LIMIT", 1]]
  â†³ app/controllers/favorites_controller.rb:12:in `destroy'
  [1m[36mTRANSACTION (0.2ms)[0m  [1m[36mbegin transaction[0m
  â†³ app/controllers/favorites_controller.rb:13:in `destroy'
  [1m[36mFavorite Destroy (20.2ms)[0m  [1m[31mDELETE FROM "favorites" WHERE "favorites"."id" = ?[0m  [["id", 1]]
  â†³ app/controllers/favorites_controller.rb:13:in `destroy'
  [1m[36mTRANSACTION (6.2ms)[0m  [1m[36mcommit transaction[0m
  â†³ app/controllers/favorites_controller.rb:13:in `destroy'
Redirected to http://localhost:3000/books/1
Completed 302 Found in 44ms (ActiveRecord: 27.6ms | Allocations: 4150)


Started GET "/books/1" for ::1 at 2022-07-11 12:00:14 +0900
Processing by BooksController#show as HTML
  Parameters: {"id"=>"1"}
  [1m[36mUser Load (0.3ms)[0m  [1m[34mSELECT "users".* FROM "users" WHERE "users"."id" = ? ORDER BY "users"."id" ASC LIMIT ?[0m  [["id", 1], ["LIMIT", 1]]
  [1m[36mBook Load (0.4ms)[0m  [1m[34mSELECT "books".* FROM "books" WHERE "books"."id" = ? LIMIT ?[0m  [["id", 1], ["LIMIT", 1]]
  â†³ app/controllers/books_controller.rb:33:in `show'
  [1m[36mUser Load (0.3ms)[0m  [1m[34mSELECT "users".* FROM "users" WHERE "users"."id" = ? LIMIT ?[0m  [["id", 1], ["LIMIT", 1]]
  â†³ app/controllers/books_controller.rb:34:in `show'
  Rendering layout layouts/application.html.erb
  Rendering books/show.html.erb within layouts/application
  Rendered books/_list.html.erb (Duration: 8.0ms | Allocations: 1506)
  [1m[36mCACHE User Load (0.0ms)[0m  [1m[34mSELECT "users".* FROM "users" WHERE "users"."id" = ? LIMIT ?[0m  [["id", 1], ["LIMIT", 1]]
  â†³ app/views/books/show.html.erb:12
  [1m[36mFavorite Exists? (0.4ms)[0m  [1m[34mSELECT 1 AS one FROM "favorites" WHERE "favorites"."book_id" = ? AND "favorites"."user_id" = ? LIMIT ?[0m  [["book_id", 1], ["user_id", 1], ["LIMIT", 1]]
  â†³ app/models/book.rb:8:in `favorited_by?'
  [1m[35m (0.5ms)[0m  [1m[34mSELECT COUNT(*) FROM "favorites" WHERE "favorites"."book_id" = ?[0m  [["book_id", 1]]
  â†³ app/views/books/show.html.erb:36
  [1m[35m (0.6ms)[0m  [1m[34mSELECT COUNT(*) FROM "book_comments" WHERE "book_comments"."book_id" = ?[0m  [["book_id", 1]]
  â†³ app/views/books/show.html.erb:42
  [1m[36mBookComment Load (0.4ms)[0m  [1m[34mSELECT "book_comments".* FROM "book_comments" WHERE "book_comments"."book_id" = ?[0m  [["book_id", 1]]
  â†³ app/views/books/show.html.erb:50
  Rendered books/show.html.erb within layouts/application (Duration: 29.5ms | Allocations: 5839)
  Rendered layout layouts/application.html.erb (Duration: 459.5ms | Allocations: 92525)
Completed 200 OK in 468ms (Views: 458.6ms | ActiveRecord: 3.0ms | Allocations: 95048)


Started POST "/books/1/book_comments" for ::1 at 2022-07-11 12:00:41 +0900
Processing by BookCommentsController#create as HTML
  Parameters: {"utf8"=>"âœ“", "authenticity_token"=>"YbpKC6S3htsK/as4NQojxii4JvYbLpp0ZSZcWBbfFbtPl6VzmO+v5XAsLrC2/Pjj7fbSVDIkPYvH+A1FEVJKUA==", "book_comment"=>{"comment"=>"comment"}, "commit"=>"é€ä¿¡", "book_id"=>"1"}
  [1m[36mUser Load (0.4ms)[0m  [1m[34mSELECT "users".* FROM "users" WHERE "users"."id" = ? ORDER BY "users"."id" ASC LIMIT ?[0m  [["id", 1], ["LIMIT", 1]]
  [1m[36mBook Load (0.3ms)[0m  [1m[34mSELECT "books".* FROM "books" WHERE "books"."id" = ? LIMIT ?[0m  [["id", 1], ["LIMIT", 1]]
  â†³ app/controllers/book_comments_controller.rb:4:in `create'
  [1m[36mTRANSACTION (0.2ms)[0m  [1m[36mbegin transaction[0m
  â†³ app/controllers/book_comments_controller.rb:7:in `create'
  [1m[36mBook Load (0.4ms)[0m  [1m[34mSELECT "books".* FROM "books" WHERE "books"."id" = ? LIMIT ?[0m  [["id", 1], ["LIMIT", 1]]
  â†³ app/controllers/book_comments_controller.rb:7:in `create'
  [1m[36mBookComment Create (2.7ms)[0m  [1m[32mINSERT INTO "book_comments" ("comment", "user_id", "book_id", "created_at", "updated_at") VALUES (?, ?, ?, ?, ?)[0m  [["comment", "comment"], ["user_id", 1], ["book_id", 1], ["created_at", "2022-07-11 03:00:41.577978"], ["updated_at", "2022-07-11 03:00:41.577978"]]
  â†³ app/controllers/book_comments_controller.rb:7:in `create'
  [1m[36mTRANSACTION (5.5ms)[0m  [1m[36mcommit transaction[0m
  â†³ app/controllers/book_comments_controller.rb:7:in `create'
Redirected to http://localhost:3000/books/1
Completed 302 Found in 43ms (ActiveRecord: 9.5ms | Allocations: 7719)


Started GET "/books/1" for ::1 at 2022-07-11 12:00:41 +0900
Processing by BooksController#show as HTML
  Parameters: {"id"=>"1"}
  [1m[36mUser Load (0.3ms)[0m  [1m[34mSELECT "users".* FROM "users" WHERE "users"."id" = ? ORDER BY "users"."id" ASC LIMIT ?[0m  [["id", 1], ["LIMIT", 1]]
  [1m[36mBook Load (0.6ms)[0m  [1m[34mSELECT "books".* FROM "books" WHERE "books"."id" = ? LIMIT ?[0m  [["id", 1], ["LIMIT", 1]]
  â†³ app/controllers/books_controller.rb:33:in `show'
  [1m[36mUser Load (0.4ms)[0m  [1m[34mSELECT "users".* FROM "users" WHERE "users"."id" = ? LIMIT ?[0m  [["id", 1], ["LIMIT", 1]]
  â†³ app/controllers/books_controller.rb:34:in `show'
  Rendering layout layouts/application.html.erb
  Rendering books/show.html.erb within layouts/application
  Rendered books/_list.html.erb (Duration: 7.5ms | Allocations: 1633)
  [1m[36mCACHE User Load (0.0ms)[0m  [1m[34mSELECT "users".* FROM "users" WHERE "users"."id" = ? LIMIT ?[0m  [["id", 1], ["LIMIT", 1]]
  â†³ app/views/books/show.html.erb:12
  [1m[36mFavorite Exists? (0.7ms)[0m  [1m[34mSELECT 1 AS one FROM "favorites" WHERE "favorites"."book_id" = ? AND "favorites"."user_id" = ? LIMIT ?[0m  [["book_id", 1], ["user_id", 1], ["LIMIT", 1]]
  â†³ app/models/book.rb:8:in `favorited_by?'
  [1m[35m (0.5ms)[0m  [1m[34mSELECT COUNT(*) FROM "favorites" WHERE "favorites"."book_id" = ?[0m  [["book_id", 1]]
  â†³ app/views/books/show.html.erb:36
  [1m[35m (0.6ms)[0m  [1m[34mSELECT COUNT(*) FROM "book_comments" WHERE "book_comments"."book_id" = ?[0m  [["book_id", 1]]
  â†³ app/views/books/show.html.erb:42
  [1m[36mBookComment Load (0.4ms)[0m  [1m[34mSELECT "book_comments".* FROM "book_comments" WHERE "book_comments"."book_id" = ?[0m  [["book_id", 1]]
  â†³ app/views/books/show.html.erb:50
  [1m[36mCACHE User Load (0.0ms)[0m  [1m[34mSELECT "users".* FROM "users" WHERE "users"."id" = ? LIMIT ?[0m  [["id", 1], ["LIMIT", 1]]
  â†³ app/views/books/show.html.erb:52
  Rendered books/show.html.erb within layouts/application (Duration: 35.1ms | Allocations: 7490)
  Rendered layout layouts/application.html.erb (Duration: 395.4ms | Allocations: 105319)
Completed 200 OK in 409ms (Views: 394.2ms | ActiveRecord: 3.7ms | Allocations: 107998)


Started POST "/books/1/book_comments" for ::1 at 2022-07-11 12:00:57 +0900
Processing by BookCommentsController#create as HTML
  Parameters: {"utf8"=>"âœ“", "authenticity_token"=>"in8OCXBCAokywkiCEU2tdWX9zr4siBuT9TuV4+7vARqkUuFxTBort0gTzQqSu3ZQoLM6HAWCvGxX5cT+6WJe8Q==", "book_comment"=>{"comment"=>"comment\r\n"}, "commit"=>"é€ä¿¡", "book_id"=>"1"}
  [1m[36mUser Load (0.4ms)[0m  [1m[34mSELECT "users".* FROM "users" WHERE "users"."id" = ? ORDER BY "users"."id" ASC LIMIT ?[0m  [["id", 1], ["LIMIT", 1]]
  [1m[36mBook Load (0.3ms)[0m  [1m[34mSELECT "books".* FROM "books" WHERE "books"."id" = ? LIMIT ?[0m  [["id", 1], ["LIMIT", 1]]
  â†³ app/controllers/book_comments_controller.rb:4:in `create'
  [1m[36mTRANSACTION (0.1ms)[0m  [1m[36mbegin transaction[0m
  â†³ app/controllers/book_comments_controller.rb:7:in `create'
  [1m[36mBook Load (0.4ms)[0m  [1m[34mSELECT "books".* FROM "books" WHERE "books"."id" = ? LIMIT ?[0m  [["id", 1], ["LIMIT", 1]]
  â†³ app/controllers/book_comments_controller.rb:7:in `create'
  [1m[36mBookComment Create (20.1ms)[0m  [1m[32mINSERT INTO "book_comments" ("comment", "user_id", "book_id", "created_at", "updated_at") VALUES (?, ?, ?, ?, ?)[0m  [["comment", "comment\r\n"], ["user_id", 1], ["book_id", 1], ["created_at", "2022-07-11 03:00:58.008842"], ["updated_at", "2022-07-11 03:00:58.008842"]]
  â†³ app/controllers/book_comments_controller.rb:7:in `create'
  [1m[36mTRANSACTION (6.0ms)[0m  [1m[36mcommit transaction[0m
  â†³ app/controllers/book_comments_controller.rb:7:in `create'
Redirected to http://localhost:3000/books/1
Completed 302 Found in 47ms (ActiveRecord: 27.3ms | Allocations: 4819)


Started GET "/books/1" for ::1 at 2022-07-11 12:00:58 +0900
Processing by BooksController#show as HTML
  Parameters: {"id"=>"1"}
  [1m[36mUser Load (0.5ms)[0m  [1m[34mSELECT "users".* FROM "users" WHERE "users"."id" = ? ORDER BY "users"."id" ASC LIMIT ?[0m  [["id", 1], ["LIMIT", 1]]
  [1m[36mBook Load (0.4ms)[0m  [1m[34mSELECT "books".* FROM "books" WHERE "books"."id" = ? LIMIT ?[0m  [["id", 1], ["LIMIT", 1]]
  â†³ app/controllers/books_controller.rb:33:in `show'
  [1m[36mUser Load (0.4ms)[0m  [1m[34mSELECT "users".* FROM "users" WHERE "users"."id" = ? LIMIT ?[0m  [["id", 1], ["LIMIT", 1]]
  â†³ app/controllers/books_controller.rb:34:in `show'
  Rendering layout layouts/application.html.erb
  Rendering books/show.html.erb within layouts/application
  Rendered books/_list.html.erb (Duration: 8.6ms | Allocations: 1506)
  [1m[36mCACHE User Load (0.0ms)[0m  [1m[34mSELECT "users".* FROM "users" WHERE "users"."id" = ? LIMIT ?[0m  [["id", 1], ["LIMIT", 1]]
  â†³ app/views/books/show.html.erb:12
  [1m[36mFavorite Exists? (0.5ms)[0m  [1m[34mSELECT 1 AS one FROM "favorites" WHERE "favorites"."book_id" = ? AND "favorites"."user_id" = ? LIMIT ?[0m  [["book_id", 1], ["user_id", 1], ["LIMIT", 1]]
  â†³ app/models/book.rb:8:in `favorited_by?'
  [1m[35m (0.4ms)[0m  [1m[34mSELECT COUNT(*) FROM "favorites" WHERE "favorites"."book_id" = ?[0m  [["book_id", 1]]
  â†³ app/views/books/show.html.erb:36
  [1m[35m (0.4ms)[0m  [1m[34mSELECT COUNT(*) FROM "book_comments" WHERE "book_comments"."book_id" = ?[0m  [["book_id", 1]]
  â†³ app/views/books/show.html.erb:42
  [1m[36mBookComment Load (0.3ms)[0m  [1m[34mSELECT "book_comments".* FROM "book_comments" WHERE "book_comments"."book_id" = ?[0m  [["book_id", 1]]
  â†³ app/views/books/show.html.erb:50
  [1m[36mCACHE User Load (0.0ms)[0m  [1m[34mSELECT "users".* FROM "users" WHERE "users"."id" = ? LIMIT ?[0m  [["id", 1], ["LIMIT", 1]]
  â†³ app/views/books/show.html.erb:52
  [1m[36mCACHE User Load (0.0ms)[0m  [1m[34mSELECT "users".* FROM "users" WHERE "users"."id" = ? LIMIT ?[0m  [["id", 1], ["LIMIT", 1]]
  â†³ app/views/books/show.html.erb:52
  Rendered books/show.html.erb within layouts/application (Duration: 32.8ms | Allocations: 8427)
  Rendered layout layouts/application.html.erb (Duration: 409.5ms | Allocations: 114992)
Completed 200 OK in 423ms (Views: 409.4ms | ActiveRecord: 3.0ms | Allocations: 117521)


Started DELETE "/books/1/book_comments/1" for ::1 at 2022-07-11 12:01:07 +0900
Processing by BookCommentsController#destroy as HTML
  Parameters: {"authenticity_token"=>"eTkwQCzUqrdS5mhiRt7zeEeXgAkyOrDRU1h4m6f1JKNXFN84EIyDiSg37erFKChdgtl0qxswFy7xhimGoHh7SA==", "book_id"=>"1", "id"=>"1"}
  [1m[36mUser Load (0.5ms)[0m  [1m[34mSELECT "users".* FROM "users" WHERE "users"."id" = ? ORDER BY "users"."id" ASC LIMIT ?[0m  [["id", 1], ["LIMIT", 1]]
  [1m[36mBook Load (0.4ms)[0m  [1m[34mSELECT "books".* FROM "books" WHERE "books"."id" = ? LIMIT ?[0m  [["id", 1], ["LIMIT", 1]]
  â†³ app/controllers/book_comments_controller.rb:12:in `destroy'
  [1m[36mBookComment Load (0.6ms)[0m  [1m[34mSELECT "book_comments".* FROM "book_comments" WHERE "book_comments"."id" = ? LIMIT ?[0m  [["id", 1], ["LIMIT", 1]]
  â†³ app/controllers/book_comments_controller.rb:13:in `destroy'
  [1m[36mTRANSACTION (0.1ms)[0m  [1m[36mbegin transaction[0m
  â†³ app/controllers/book_comments_controller.rb:13:in `destroy'
  [1m[36mBookComment Destroy (20.4ms)[0m  [1m[31mDELETE FROM "book_comments" WHERE "book_comments"."id" = ?[0m  [["id", 1]]
  â†³ app/controllers/book_comments_controller.rb:13:in `destroy'
  [1m[36mTRANSACTION (6.2ms)[0m  [1m[36mcommit transaction[0m
  â†³ app/controllers/book_comments_controller.rb:13:in `destroy'
Redirected to http://localhost:3000/books/1
Completed 302 Found in 48ms (ActiveRecord: 28.1ms | Allocations: 5911)


Started GET "/books/1" for ::1 at 2022-07-11 12:01:07 +0900
Processing by BooksController#show as HTML
  Parameters: {"id"=>"1"}
  [1m[36mUser Load (0.4ms)[0m  [1m[34mSELECT "users".* FROM "users" WHERE "users"."id" = ? ORDER BY "users"."id" ASC LIMIT ?[0m  [["id", 1], ["LIMIT", 1]]
  [1m[36mBook Load (0.3ms)[0m  [1m[34mSELECT "books".* FROM "books" WHERE "books"."id" = ? LIMIT ?[0m  [["id", 1], ["LIMIT", 1]]
  â†³ app/controllers/books_controller.rb:33:in `show'
  [1m[36mUser Load (0.4ms)[0m  [1m[34mSELECT "users".* FROM "users" WHERE "users"."id" = ? LIMIT ?[0m  [["id", 1], ["LIMIT", 1]]
  â†³ app/controllers/books_controller.rb:34:in `show'
  Rendering layout layouts/application.html.erb
  Rendering books/show.html.erb within layouts/application
  Rendered books/_list.html.erb (Duration: 10.3ms | Allocations: 3652)
  [1m[36mCACHE User Load (0.0ms)[0m  [1m[34mSELECT "users".* FROM "users" WHERE "users"."id" = ? LIMIT ?[0m  [["id", 1], ["LIMIT", 1]]
  â†³ app/views/books/show.html.erb:12
  [1m[36mFavorite Exists? (0.4ms)[0m  [1m[34mSELECT 1 AS one FROM "favorites" WHERE "favorites"."book_id" = ? AND "favorites"."user_id" = ? LIMIT ?[0m  [["book_id", 1], ["user_id", 1], ["LIMIT", 1]]
  â†³ app/models/book.rb:8:in `favorited_by?'
  [1m[35m (0.5ms)[0m  [1m[34mSELECT COUNT(*) FROM "favorites" WHERE "favorites"."book_id" = ?[0m  [["book_id", 1]]
  â†³ app/views/books/show.html.erb:36
  [1m[35m (0.5ms)[0m  [1m[34mSELECT COUNT(*) FROM "book_comments" WHERE "book_comments"."book_id" = ?[0m  [["book_id", 1]]
  â†³ app/views/books/show.html.erb:42
  [1m[36mBookComment Load (0.6ms)[0m  [1m[34mSELECT "book_comments".* FROM "book_comments" WHERE "book_comments"."book_id" = ?[0m  [["book_id", 1]]
  â†³ app/views/books/show.html.erb:50
  [1m[36mCACHE User Load (0.0ms)[0m  [1m[34mSELECT "users".* FROM "users" WHERE "users"."id" = ? LIMIT ?[0m  [["id", 1], ["LIMIT", 1]]
  â†³ app/views/books/show.html.erb:52
  Rendered books/show.html.erb within layouts/application (Duration: 38.6ms | Allocations: 10896)
  Rendered layout layouts/application.html.erb (Duration: 398.3ms | Allocations: 99541)
Completed 200 OK in 411ms (Views: 397.6ms | ActiveRecord: 3.2ms | Allocations: 102978)


Started GET "/users/1" for ::1 at 2022-07-11 12:01:10 +0900
Processing by UsersController#show as HTML
  Parameters: {"id"=>"1"}
  [1m[36mUser Load (0.5ms)[0m  [1m[34mSELECT "users".* FROM "users" WHERE "users"."id" = ? ORDER BY "users"."id" ASC LIMIT ?[0m  [["id", 1], ["LIMIT", 1]]
  [1m[36mUser Load (0.8ms)[0m  [1m[34mSELECT "users".* FROM "users" WHERE "users"."id" = ? LIMIT ?[0m  [["id", 1], ["LIMIT", 1]]
  â†³ app/controllers/users_controller.rb:18:in `show'
  Rendering layout layouts/application.html.erb
  Rendering users/show.html.erb within layouts/application
  Rendered books/_list.html.erb (Duration: 15.9ms | Allocations: 1506)
  [1m[36mBook Load (0.8ms)[0m  [1m[34mSELECT "books".* FROM "books" WHERE "books"."user_id" = ?[0m  [["user_id", 1]]
  â†³ app/views/users/show.html.erb:17
  [1m[36mFavorite Exists? (0.8ms)[0m  [1m[34mSELECT 1 AS one FROM "favorites" WHERE "favorites"."book_id" = ? AND "favorites"."user_id" = ? LIMIT ?[0m  [["book_id", 1], ["user_id", 1], ["LIMIT", 1]]
  â†³ app/models/book.rb:8:in `favorited_by?'
  [1m[35m (0.6ms)[0m  [1m[34mSELECT COUNT(*) FROM "favorites" WHERE "favorites"."book_id" = ?[0m  [["book_id", 1]]
  â†³ app/views/users/show.html.erb:41
  Rendered users/show.html.erb within layouts/application (Duration: 35.6ms | Allocations: 4216)
  Rendered layout layouts/application.html.erb (Duration: 434.8ms | Allocations: 120447)
Completed 200 OK in 447ms (Views: 434.1ms | ActiveRecord: 3.4ms | Allocations: 122596)


Started GET "/books/1" for ::1 at 2022-07-11 12:01:14 +0900
Processing by BooksController#show as HTML
  Parameters: {"id"=>"1"}
  [1m[36mUser Load (0.6ms)[0m  [1m[34mSELECT "users".* FROM "users" WHERE "users"."id" = ? ORDER BY "users"."id" ASC LIMIT ?[0m  [["id", 1], ["LIMIT", 1]]
  [1m[36mBook Load (0.7ms)[0m  [1m[34mSELECT "books".* FROM "books" WHERE "books"."id" = ? LIMIT ?[0m  [["id", 1], ["LIMIT", 1]]
  â†³ app/controllers/books_controller.rb:33:in `show'
  [1m[36mUser Load (0.7ms)[0m  [1m[34mSELECT "users".* FROM "users" WHERE "users"."id" = ? LIMIT ?[0m  [["id", 1], ["LIMIT", 1]]
  â†³ app/controllers/books_controller.rb:34:in `show'
  Rendering layout layouts/application.html.erb
  Rendering books/show.html.erb within layouts/application
  Rendered books/_list.html.erb (Duration: 22.5ms | Allocations: 5973)
  [1m[36mCACHE User Load (0.1ms)[0m  [1m[34mSELECT "users".* FROM "users" WHERE "users"."id" = ? LIMIT ?[0m  [["id", 1], ["LIMIT", 1]]
  â†³ app/views/books/show.html.erb:12
  [1m[36mFavorite Exists? (0.7ms)[0m  [1m[34mSELECT 1 AS one FROM "favorites" WHERE "favorites"."book_id" = ? AND "favorites"."user_id" = ? LIMIT ?[0m  [["book_id", 1], ["user_id", 1], ["LIMIT", 1]]
  â†³ app/models/book.rb:8:in `favorited_by?'
  [1m[35m (0.8ms)[0m  [1m[34mSELECT COUNT(*) FROM "favorites" WHERE "favorites"."book_id" = ?[0m  [["book_id", 1]]
  â†³ app/views/books/show.html.erb:36
  [1m[35m (1.0ms)[0m  [1m[34mSELECT COUNT(*) FROM "book_comments" WHERE "book_comments"."book_id" = ?[0m  [["book_id", 1]]
  â†³ app/views/books/show.html.erb:42
  [1m[36mBookComment Load (0.6ms)[0m  [1m[34mSELECT "book_comments".* FROM "book_comments" WHERE "book_comments"."book_id" = ?[0m  [["book_id", 1]]
  â†³ app/views/books/show.html.erb:50
  [1m[36mCACHE User Load (0.0ms)[0m  [1m[34mSELECT "users".* FROM "users" WHERE "users"."id" = ? LIMIT ?[0m  [["id", 1], ["LIMIT", 1]]
  â†³ app/views/books/show.html.erb:52
  Rendered books/show.html.erb within layouts/application (Duration: 82.6ms | Allocations: 18269)
  Rendered layout layouts/application.html.erb (Duration: 457.5ms | Allocations: 117583)
Completed 200 OK in 492ms (Views: 459.5ms | ActiveRecord: 5.2ms | Allocations: 123995)


Started DELETE "/books/1" for ::1 at 2022-07-11 12:01:18 +0900
Processing by BooksController#destroy as HTML
  Parameters: {"authenticity_token"=>"ETH8DVgyn4BargixILF2D31OOPrJsRmAjsLRIxU8GPE/HBN1ZGq2viB/jTmjR60quADMWOC7vn8sHIA+ErFHGg==", "id"=>"1"}
  [1m[36mUser Load (1.2ms)[0m  [1m[34mSELECT "users".* FROM "users" WHERE "users"."id" = ? ORDER BY "users"."id" ASC LIMIT ?[0m  [["id", 1], ["LIMIT", 1]]
  [1m[36mBook Load (0.3ms)[0m  [1m[34mSELECT "books".* FROM "books" WHERE "books"."id" = ? LIMIT ?[0m  [["id", 1], ["LIMIT", 1]]
  â†³ app/controllers/books_controller.rb:62:in `baria_user'
  [1m[36mUser Load (0.4ms)[0m  [1m[34mSELECT "users".* FROM "users" WHERE "users"."id" = ? LIMIT ?[0m  [["id", 1], ["LIMIT", 1]]
  â†³ app/controllers/books_controller.rb:62:in `baria_user'
  [1m[36mCACHE Book Load (0.0ms)[0m  [1m[34mSELECT "books".* FROM "books" WHERE "books"."id" = ? LIMIT ?[0m  [["id", 1], ["LIMIT", 1]]
  â†³ app/controllers/books_controller.rb:48:in `destroy'
  [1m[36mTRANSACTION (0.2ms)[0m  [1m[36mbegin transaction[0m
  â†³ app/controllers/books_controller.rb:49:in `destroy'
  [1m[36mBookComment Load (0.4ms)[0m  [1m[34mSELECT "book_comments".* FROM "book_comments" WHERE "book_comments"."book_id" = ?[0m  [["book_id", 1]]
  â†³ app/controllers/books_controller.rb:49:in `destroy'
  [1m[36mBookComment Destroy (2.6ms)[0m  [1m[31mDELETE FROM "book_comments" WHERE "book_comments"."id" = ?[0m  [["id", 2]]
  â†³ app/controllers/books_controller.rb:49:in `destroy'
  [1m[36mFavorite Load (0.4ms)[0m  [1m[34mSELECT "favorites".* FROM "favorites" WHERE "favorites"."book_id" = ?[0m  [["book_id", 1]]
  â†³ app/controllers/books_controller.rb:49:in `destroy'
  [1m[36mBook Destroy (0.4ms)[0m  [1m[31mDELETE FROM "books" WHERE "books"."id" = ?[0m  [["id", 1]]
  â†³ app/controllers/books_controller.rb:49:in `destroy'
  [1m[36mTRANSACTION (5.4ms)[0m  [1m[36mcommit transaction[0m
  â†³ app/controllers/books_controller.rb:49:in `destroy'
Redirected to http://localhost:3000/books
Completed 302 Found in 53ms (ActiveRecord: 11.3ms | Allocations: 10092)


Started GET "/books" for ::1 at 2022-07-11 12:01:18 +0900
Processing by BooksController#index as HTML
  [1m[36mUser Load (0.4ms)[0m  [1m[34mSELECT "users".* FROM "users" WHERE "users"."id" = ? ORDER BY "users"."id" ASC LIMIT ?[0m  [["id", 1], ["LIMIT", 1]]
  Rendering layout layouts/application.html.erb
  Rendering books/index.html.erb within layouts/application
  Rendered books/_list.html.erb (Duration: 10.1ms | Allocations: 3569)
  [1m[36mBook Load (0.6ms)[0m  [1m[34mSELECT "books".* FROM "books"[0m
  â†³ app/views/books/index.html.erb:25
  Rendered books/index.html.erb within layouts/application (Duration: 27.2ms | Allocations: 5850)
  Rendered layout layouts/application.html.erb (Duration: 339.8ms | Allocations: 98982)
Completed 200 OK in 351ms (Views: 341.2ms | ActiveRecord: 1.1ms | Allocations: 101805)


